<?xml version="1.0" encoding="UTF-8"?>
<!-- Generated by org.testng.reporters.JUnitReportReporter -->
<testsuite hostname="DESKTOP-8F9QOOU" failures="0" tests="1" name="com.crm.opportunities.Create_Org_camp_Opportunities_Test1" time="54.631" errors="0" timestamp="2022-10-18T18:44:30 IST" skipped="0">
  <testcase classname="com.crm.opportunities.Create_Org_camp_Opportunities_Test1" name="Create_Org_camp_Opportunities_test" time="54.631"/>
  <system-out/>
</testsuite> <!-- com.crm.opportunities.Create_Org_camp_Opportunities_Test1 -->
